{
  "stats": {
    "suites": 1,
    "tests": 1,
    "passes": 1,
    "pending": 0,
    "failures": 0,
    "start": "2025-03-26T21:18:09.060Z",
    "end": "2025-03-26T21:18:17.099Z",
    "duration": 8039,
    "testsRegistered": 1,
    "passPercent": 100,
    "pendingPercent": 0,
    "other": 0,
    "hasOther": false,
    "skipped": 0,
    "hasSkipped": false
  },
  "results": [
    {
      "uuid": "da26528c-8e76-4bf6-b7ff-f7620b1c4821",
      "title": "",
      "fullFile": "cypress\\e2e\\careers.cy.js",
      "file": "cypress\\e2e\\careers.cy.js",
      "beforeHooks": [],
      "afterHooks": [],
      "tests": [],
      "suites": [
        {
          "uuid": "7b09194a-42c4-44f5-8794-b81d0232ae7b",
          "title": "Careers Page Tests",
          "fullFile": "",
          "file": "",
          "beforeHooks": [],
          "afterHooks": [],
          "tests": [
            {
              "title": "Validates Careers page",
              "fullTitle": "Careers Page Tests Validates Careers page",
              "timedOut": null,
              "duration": 5709,
              "state": "passed",
              "speed": "medium",
              "pass": true,
              "fail": false,
              "pending": false,
              "context": null,
              "code": "_careersPage.default.openPositions();\n_careersPage.default.validateHeaderText();\n_careersPage.default.filterByQA();\n_careersPage.default.handleQAFilterButtonClick();\n_careersPage.default.validateQARole();",
              "err": {},
              "uuid": "3ce65394-d1cc-46f9-8ccb-1b9ad3dadcc2",
              "parentUUID": "7b09194a-42c4-44f5-8794-b81d0232ae7b",
              "isHook": false,
              "skipped": false
            }
          ],
          "suites": [],
          "passes": [
            "3ce65394-d1cc-46f9-8ccb-1b9ad3dadcc2"
          ],
          "failures": [],
          "pending": [],
          "skipped": [],
          "duration": 5709,
          "root": false,
          "rootEmpty": false,
          "_timeout": 2000
        }
      ],
      "passes": [],
      "failures": [],
      "pending": [],
      "skipped": [],
      "duration": 0,
      "root": true,
      "rootEmpty": true,
      "_timeout": 2000
    }
  ],
  "meta": {
    "mocha": {
      "version": "7.0.1"
    },
    "mochawesome": {
      "options": {
        "quiet": false,
        "reportFilename": "mochawesome",
        "saveHtml": false,
        "saveJson": true,
        "consoleReporter": "spec",
        "useInlineDiffs": false,
        "code": true
      },
      "version": "7.0.0"
    },
    "marge": {
      "options": {
        "reportDir": "cypress/reports",
        "overwrite": false,
        "html": false,
        "json": true,
        "embeddedScreenshots": true,
        "inlineAssets": true
      },
      "version": "6.0.0"
    }
  }
}